Base path: C:/Program Files/Unity/Editor/Data
Pipe name: \\.\pipe\UnityShaderCompiler-64bit-1-3792
Cmd: getPlatforms
Cmd: preprocess
  insize=9195 outsize=2321 ok=1
Cmd: compileSnippet
  api=4 type=0 insize=6522 outsize=990 kw= ok=1
Cmd: compileSnippet
  api=4 type=1 insize=6522 outsize=1883 kw= ok=1
Cmd: compileSnippet
  api=4 type=0 insize=6517 outsize=990 kw= ok=1
Cmd: compileSnippet
  api=4 type=1 insize=6517 outsize=3549 kw= ok=1
Cmd: compileSnippet
  api=4 type=0 insize=6517 outsize=990 kw= ok=1
Cmd: compileSnippet
  api=4 type=1 insize=6517 outsize=1469 kw= ok=1
Cmd: compileSnippet
  api=4 type=0 insize=6517 outsize=990 kw= ok=1
Cmd: compileSnippet
  api=4 type=1 insize=6517 outsize=1469 kw= ok=1
Cmd: compileSnippet
  api=4 type=0 insize=6519 outsize=990 kw= ok=1
Cmd: compileSnippet
  api=4 type=1 insize=6519 outsize=1794 kw= ok=1
Cmd: compileSnippet
  api=4 type=0 insize=6519 outsize=990 kw= ok=1
Cmd: compileSnippet
  api=4 type=1 insize=6519 outsize=1469 kw= ok=1
Cmd: compileSnippet
  api=4 type=0 insize=6528 outsize=990 kw= ok=1
Cmd: compileSnippet
  api=4 type=1 insize=6528 outsize=1428 kw= ok=1
Cmd: compileSnippet
  api=4 type=0 insize=6533 outsize=990 kw= ok=1
Cmd: compileSnippet
  api=4 type=1 insize=6533 outsize=1347 kw= ok=1
Cmd: compileSnippet
  api=4 type=0 insize=6526 outsize=990 kw= ok=1
Cmd: compileSnippet
  api=4 type=1 insize=6526 outsize=852 kw= ok=1
Cmd: compileSnippet
  api=4 type=0 insize=6524 outsize=990 kw= ok=1
Cmd: compileSnippet
  api=4 type=1 insize=6524 outsize=1510 kw= ok=1
Cmd: compileSnippet
  api=4 type=0 insize=6531 outsize=990 kw= ok=1
Cmd: compileSnippet
  api=4 type=1 insize=6531 outsize=1932 kw= ok=1
Cmd: preprocess
  insize=11276 outsize=717 ok=1
Cmd: compileSnippet
  api=4 type=0 insize=10591 outsize=990 kw= ok=1
Cmd: compileSnippet
  api=4 type=1 insize=10591 outsize=1672 kw= ok=1
Cmd: compileSnippet
  api=4 type=0 insize=10613 outsize=990 kw= ok=1
Cmd: compileSnippet
  api=4 type=1 insize=10613 outsize=9269 kw= ok=1
Cmd: compileSnippet
  api=4 type=0 insize=10612 outsize=990 kw= ok=1
Cmd: compileSnippet
  api=4 type=1 insize=10612 outsize=9285 kw= ok=1
Cmd: preprocess
  insize=435 outsize=435 ok=1
Cmd: preprocess
  error: 1 plat 15 at (0): texcoord2 missing from surface shader's vertex input struct (appdata), disabled dynamic GI and meta pass generation
  insize=1584 outsize=2093 ok=1
Cmd: compileSnippet
  api=4 type=0 insize=10385 outsize=1298 kw=DIRECTIONAL SHADOWS_OFF LIGHTMAP_OFF DIRLIGHTMAP_OFF DYNAMICLIGHTMAP_OFF ok=1
Cmd: compileSnippet
  api=4 type=1 insize=10385 outsize=3452 kw=DIRECTIONAL SHADOWS_OFF LIGHTMAP_OFF DIRLIGHTMAP_OFF DYNAMICLIGHTMAP_OFF ok=1
Cmd: compileSnippet
  api=4 type=2 insize=10385 outsize=7815 kw=DIRECTIONAL SHADOWS_OFF LIGHTMAP_OFF DIRLIGHTMAP_OFF DYNAMICLIGHTMAP_OFF ok=1
Cmd: compileSnippet
  api=4 type=3 insize=10385 outsize=5913 kw=DIRECTIONAL SHADOWS_OFF LIGHTMAP_OFF DIRLIGHTMAP_OFF DYNAMICLIGHTMAP_OFF ok=1
Cmd: compileSnippet
  api=4 type=0 insize=7969 outsize=1298 kw=POINT ok=1
Cmd: compileSnippet
  api=4 type=1 insize=7969 outsize=3687 kw=POINT ok=1
Cmd: compileSnippet
  api=4 type=2 insize=7969 outsize=7815 kw=POINT ok=1
Cmd: compileSnippet
  api=4 type=3 insize=7969 outsize=5288 kw=POINT ok=1
Cmd: compileSnippet
  api=4 type=0 insize=7074 outsize=1298 kw= ok=1
Cmd: compileSnippet
  api=4 type=1 insize=7074 outsize=1575 kw= ok=1
Cmd: compileSnippet
  api=4 type=2 insize=7074 outsize=7815 kw= ok=1
Cmd: compileSnippet
  api=4 type=3 insize=7074 outsize=5247 kw= ok=1
Cmd: compileSnippet
  api=4 type=0 insize=9144 outsize=1298 kw=LIGHTMAP_OFF DIRLIGHTMAP_OFF DYNAMICLIGHTMAP_OFF HDR_LIGHT_PREPASS_OFF ok=1
Cmd: compileSnippet
  api=4 type=1 insize=9144 outsize=1591 kw=LIGHTMAP_OFF DIRLIGHTMAP_OFF DYNAMICLIGHTMAP_OFF HDR_LIGHT_PREPASS_OFF ok=1
Cmd: compileSnippet
  api=4 type=2 insize=9144 outsize=7815 kw=LIGHTMAP_OFF DIRLIGHTMAP_OFF DYNAMICLIGHTMAP_OFF HDR_LIGHT_PREPASS_OFF ok=1
Cmd: compileSnippet
  api=4 type=3 insize=9144 outsize=5255 kw=LIGHTMAP_OFF DIRLIGHTMAP_OFF DYNAMICLIGHTMAP_OFF HDR_LIGHT_PREPASS_OFF ok=1
Cmd: compileSnippet
  api=4 type=0 insize=10304 outsize=1298 kw=LIGHTMAP_OFF DIRLIGHTMAP_OFF DYNAMICLIGHTMAP_OFF HDR_LIGHT_PREPASS_OFF ok=1
Cmd: compileSnippet
  api=4 type=1 insize=10304 outsize=2728 kw=LIGHTMAP_OFF DIRLIGHTMAP_OFF DYNAMICLIGHTMAP_OFF HDR_LIGHT_PREPASS_OFF ok=1
Cmd: compileSnippet
  api=4 type=2 insize=10304 outsize=7815 kw=LIGHTMAP_OFF DIRLIGHTMAP_OFF DYNAMICLIGHTMAP_OFF HDR_LIGHT_PREPASS_OFF ok=1
Cmd: compileSnippet
  api=4 type=3 insize=10304 outsize=6052 kw=LIGHTMAP_OFF DIRLIGHTMAP_OFF DYNAMICLIGHTMAP_OFF HDR_LIGHT_PREPASS_OFF ok=1
Cmd: compileSnippet
  api=4 type=0 insize=5900 outsize=1298 kw=SHADOWS_DEPTH ok=1
Cmd: compileSnippet
  api=4 type=1 insize=5900 outsize=518 kw=SHADOWS_DEPTH ok=1
Cmd: compileSnippet
  api=4 type=2 insize=5900 outsize=7815 kw=SHADOWS_DEPTH ok=1
Cmd: compileSnippet
  api=4 type=3 insize=5900 outsize=5158 kw=SHADOWS_DEPTH ok=1
Cmd: preprocess
  insize=1209 outsize=458 ok=1
Cmd: compileSnippet
  api=4 type=0 insize=997 outsize=990 kw= ok=1
Cmd: compileSnippet
  api=4 type=1 insize=997 outsize=843 kw= ok=1
Cmd: compileSnippet
  api=4 type=0 insize=996 outsize=990 kw= ok=1
Cmd: compileSnippet
  api=4 type=1 insize=996 outsize=843 kw= ok=1
Cmd: preprocess
  insize=8652 outsize=772 ok=1
Cmd: compileSnippet
  api=4 type=0 insize=8118 outsize=1908 kw= ok=1
Cmd: compileSnippet
  api=4 type=1 insize=8118 outsize=3094 kw= ok=1
Cmd: compileSnippet
  api=4 type=0 insize=8122 outsize=1997 kw= ok=1
Cmd: compileSnippet
  api=4 type=1 insize=8122 outsize=3297 kw= ok=1
Cmd: compileSnippet
  api=4 type=0 insize=8142 outsize=1339 kw= ok=1
Cmd: compileSnippet
  api=4 type=1 insize=8142 outsize=4963 kw= ok=1
Cmd: compileSnippet
  api=4 type=0 insize=8137 outsize=1339 kw= ok=1
Cmd: compileSnippet
  api=4 type=1 insize=8137 outsize=5223 kw= ok=1
Cmd: preprocess
  insize=1685 outsize=352 ok=1
Cmd: compileSnippet
  api=4 type=0 insize=1635 outsize=1347 kw= ok=1
Cmd: compileSnippet
  api=4 type=1 insize=1635 outsize=1965 kw= ok=1
Cmd: preprocess
  insize=919 outsize=355 ok=1
Cmd: compileSnippet
  api=4 type=0 insize=869 outsize=990 kw= ok=1
Cmd: compileSnippet
  api=4 type=1 insize=869 outsize=1225 kw= ok=1
Cmd: preprocess
  insize=2933 outsize=203 ok=1
Cmd: compileSnippet
  api=4 type=0 insize=3030 outsize=673 kw=LIGHT_ON_SCREEN DIRECTIONAL_SHAFTS ok=1
Cmd: compileSnippet
  api=4 type=1 insize=3030 outsize=5125 kw=LIGHT_ON_SCREEN DIRECTIONAL_SHAFTS ok=1
Cmd: preprocess
  insize=1006 outsize=316 ok=1
Cmd: compileSnippet
  api=4 type=0 insize=995 outsize=990 kw= ok=1
Cmd: compileSnippet
  api=4 type=1 insize=995 outsize=957 kw= ok=1
Cmd: preprocess
  insize=5230 outsize=2189 ok=1
Cmd: compileSnippet
  api=4 type=0 insize=3345 outsize=1957 kw=WATER_REFRACTIVE ok=1
Cmd: compileSnippet
  api=4 type=1 insize=3345 outsize=2875 kw=WATER_REFRACTIVE ok=1
Cmd: preprocess
  insize=1989 outsize=486 ok=1
Cmd: compileSnippet
  api=4 type=0 insize=1805 outsize=990 kw= ok=1
Cmd: compileSnippet
  api=4 type=1 insize=1805 outsize=1688 kw= ok=1
Cmd: preprocess
  insize=1291 outsize=412 ok=1
Cmd: compileSnippet
  api=4 type=0 insize=1184 outsize=1339 kw= ok=1
Cmd: compileSnippet
  api=4 type=1 insize=1184 outsize=1526 kw= ok=1
Cmd: preprocess
  insize=1099 outsize=1374 ok=1
Cmd: compileSnippet
  api=4 type=0 insize=7368 outsize=4077 kw=DIRECTIONAL LIGHTMAP_OFF DIRLIGHTMAP_OFF DYNAMICLIGHTMAP_OFF ok=1
Cmd: compileSnippet
  api=4 type=1 insize=7368 outsize=2688 kw=DIRECTIONAL LIGHTMAP_OFF DIRLIGHTMAP_OFF DYNAMICLIGHTMAP_OFF ok=1
Cmd: compileSnippet
  api=4 type=0 insize=3932 outsize=2737 kw=POINT ok=1
Cmd: compileSnippet
  api=4 type=1 insize=3932 outsize=2850 kw=POINT ok=1
Cmd: compileSnippet
  api=4 type=0 insize=3457 outsize=3777 kw= ok=1
Cmd: compileSnippet
  api=4 type=1 insize=3457 outsize=2558 kw= ok=1
Cmd: preprocess
  insize=3562 outsize=711 ok=1
Cmd: compileSnippet
  api=4 type=0 insize=3087 outsize=990 kw= ok=1
Cmd: compileSnippet
  api=4 type=1 insize=3087 outsize=1339 kw= ok=1
Cmd: compileSnippet
  api=4 type=0 insize=3085 outsize=990 kw= ok=1
Cmd: compileSnippet
  api=4 type=1 insize=3085 outsize=1209 kw= ok=1
Cmd: compileSnippet
  api=4 type=0 insize=3130 outsize=990 kw= ok=1
Cmd: compileSnippet
  api=4 type=1 insize=3130 outsize=3305 kw= ok=1
Cmd: preprocess
  insize=1479 outsize=1093 ok=1
Cmd: compileSnippet
  api=4 type=0 insize=6494 outsize=3647 kw=DIRECTIONAL SHADOWS_OFF LIGHTMAP_OFF DIRLIGHTMAP_OFF DYNAMICLIGHTMAP_OFF ok=1
Cmd: compileSnippet
  api=4 type=1 insize=6494 outsize=2338 kw=DIRECTIONAL SHADOWS_OFF LIGHTMAP_OFF DIRLIGHTMAP_OFF DYNAMICLIGHTMAP_OFF ok=1
Cmd: preprocess
  insize=836 outsize=215 ok=1
Cmd: compileSnippet
  api=4 type=0 insize=921 outsize=738 kw= ok=1
Cmd: compileSnippet
  api=4 type=1 insize=921 outsize=1396 kw= ok=1
Cmd: preprocess
  error: 1 plat 15 at (0): texcoord2 missing from surface shader's vertex input struct (appdata), disabled dynamic GI and meta pass generation
  insize=1423 outsize=2039 ok=1
Cmd: compileSnippet
  api=4 type=0 insize=10553 outsize=1298 kw=DIRECTIONAL SHADOWS_OFF LIGHTMAP_OFF DIRLIGHTMAP_OFF DYNAMICLIGHTMAP_OFF ok=1
Cmd: compileSnippet
  api=4 type=1 insize=10553 outsize=3452 kw=DIRECTIONAL SHADOWS_OFF LIGHTMAP_OFF DIRLIGHTMAP_OFF DYNAMICLIGHTMAP_OFF ok=1
Cmd: compileSnippet
  api=4 type=2 insize=10553 outsize=7750 kw=DIRECTIONAL SHADOWS_OFF LIGHTMAP_OFF DIRLIGHTMAP_OFF DYNAMICLIGHTMAP_OFF ok=1
Cmd: compileSnippet
  api=4 type=3 insize=10553 outsize=6880 kw=DIRECTIONAL SHADOWS_OFF LIGHTMAP_OFF DIRLIGHTMAP_OFF DYNAMICLIGHTMAP_OFF ok=1
Cmd: compileSnippet
  api=4 type=0 insize=8137 outsize=1298 kw=POINT ok=1
Cmd: compileSnippet
  api=4 type=1 insize=8137 outsize=3687 kw=POINT ok=1
Cmd: compileSnippet
  api=4 type=2 insize=8137 outsize=7750 kw=POINT ok=1
Cmd: compileSnippet
  api=4 type=3 insize=8137 outsize=6255 kw=POINT ok=1
Cmd: compileSnippet
  api=4 type=0 insize=7242 outsize=1298 kw= ok=1
Cmd: compileSnippet
  api=4 type=1 insize=7242 outsize=1575 kw= ok=1
Cmd: compileSnippet
  api=4 type=2 insize=7242 outsize=7750 kw= ok=1
Cmd: compileSnippet
  api=4 type=3 insize=7242 outsize=6214 kw= ok=1
Cmd: compileSnippet
  api=4 type=0 insize=9312 outsize=1298 kw=LIGHTMAP_OFF DIRLIGHTMAP_OFF DYNAMICLIGHTMAP_OFF HDR_LIGHT_PREPASS_OFF ok=1
Cmd: compileSnippet
  api=4 type=1 insize=9312 outsize=1591 kw=LIGHTMAP_OFF DIRLIGHTMAP_OFF DYNAMICLIGHTMAP_OFF HDR_LIGHT_PREPASS_OFF ok=1
Cmd: compileSnippet
  api=4 type=2 insize=9312 outsize=7750 kw=LIGHTMAP_OFF DIRLIGHTMAP_OFF DYNAMICLIGHTMAP_OFF HDR_LIGHT_PREPASS_OFF ok=1
Cmd: compileSnippet
  api=4 type=3 insize=9312 outsize=6222 kw=LIGHTMAP_OFF DIRLIGHTMAP_OFF DYNAMICLIGHTMAP_OFF HDR_LIGHT_PREPASS_OFF ok=1
Cmd: compileSnippet
  api=4 type=0 insize=10472 outsize=1298 kw=LIGHTMAP_OFF DIRLIGHTMAP_OFF DYNAMICLIGHTMAP_OFF HDR_LIGHT_PREPASS_OFF ok=1
Cmd: compileSnippet
  api=4 type=1 insize=10472 outsize=2728 kw=LIGHTMAP_OFF DIRLIGHTMAP_OFF DYNAMICLIGHTMAP_OFF HDR_LIGHT_PREPASS_OFF ok=1
Cmd: compileSnippet
  api=4 type=2 insize=10472 outsize=7750 kw=LIGHTMAP_OFF DIRLIGHTMAP_OFF DYNAMICLIGHTMAP_OFF HDR_LIGHT_PREPASS_OFF ok=1
Cmd: compileSnippet
  api=4 type=3 insize=10472 outsize=7018 kw=LIGHTMAP_OFF DIRLIGHTMAP_OFF DYNAMICLIGHTMAP_OFF HDR_LIGHT_PREPASS_OFF ok=1
Cmd: compileSnippet
  api=4 type=0 insize=6068 outsize=1298 kw=SHADOWS_DEPTH ok=1
Cmd: compileSnippet
  api=4 type=1 insize=6068 outsize=518 kw=SHADOWS_DEPTH ok=1
Cmd: compileSnippet
  api=4 type=2 insize=6068 outsize=7750 kw=SHADOWS_DEPTH ok=1
Cmd: compileSnippet
  api=4 type=3 insize=6068 outsize=5889 kw=SHADOWS_DEPTH ok=1
Cmd: preprocess
  insize=5281 outsize=888 ok=1
Cmd: compileSnippet
  api=4 type=0 insize=4431 outsize=1583 kw= ok=1
Cmd: compileSnippet
  api=4 type=1 insize=4431 outsize=1307 kw= ok=1
Cmd: compileSnippet
  api=4 type=0 insize=4435 outsize=1396 kw= ok=1
Cmd: compileSnippet
  api=4 type=1 insize=4435 outsize=1518 kw= ok=1
Cmd: compileSnippet
  api=4 type=0 insize=4436 outsize=1396 kw= ok=1
Cmd: compileSnippet
  api=4 type=1 insize=4436 outsize=1518 kw= ok=1
Cmd: compileSnippet
  api=4 type=0 insize=4440 outsize=1753 kw= ok=1
Cmd: compileSnippet
  api=4 type=1 insize=4440 outsize=1786 kw= ok=1
Cmd: compileSnippet
  api=4 type=0 insize=4441 outsize=1753 kw= ok=1
Cmd: compileSnippet
  api=4 type=1 insize=4441 outsize=1786 kw= ok=1
Cmd: preprocess
  insize=7006 outsize=291 ok=1
Cmd: compileSnippet
  api=4 type=0 insize=7019 outsize=868 kw=LIGHT_ON_SCREEN DIRECTIONAL_SHAFTS SHOW_SAMPLES_OFF QUAD_SHAFTS FLIP_WORKAROUND_OFF ok=1
Cmd: compileSnippet
  api=4 type=1 insize=7019 outsize=8164 kw=LIGHT_ON_SCREEN DIRECTIONAL_SHAFTS SHOW_SAMPLES_OFF QUAD_SHAFTS FLIP_WORKAROUND_OFF ok=1
Cmd: preprocess
  insize=1013 outsize=1565 ok=1
Cmd: compileSnippet
  api=4 type=0 insize=7167 outsize=3427 kw=DIRECTIONAL SHADOWS_OFF LIGHTMAP_OFF DIRLIGHTMAP_OFF DYNAMICLIGHTMAP_OFF ok=1
Cmd: compileSnippet
  api=4 type=1 insize=7167 outsize=1753 kw=DIRECTIONAL SHADOWS_OFF LIGHTMAP_OFF DIRLIGHTMAP_OFF DYNAMICLIGHTMAP_OFF ok=1
Cmd: compileSnippet
  api=4 type=0 insize=4044 outsize=2517 kw=POINT ok=1
Cmd: compileSnippet
  api=4 type=1 insize=4044 outsize=2363 kw=POINT ok=1
Cmd: compileSnippet
  api=4 type=0 insize=3299 outsize=2517 kw= ok=1
Cmd: compileSnippet
  api=4 type=1 insize=3299 outsize=681 kw= ok=1
Cmd: compileSnippet
  api=4 type=0 insize=6456 outsize=3955 kw=LIGHTMAP_OFF DIRLIGHTMAP_OFF DYNAMICLIGHTMAP_OFF HDR_LIGHT_PREPASS_OFF ok=1
Cmd: compileSnippet
  api=4 type=1 insize=6456 outsize=1875 kw=LIGHTMAP_OFF DIRLIGHTMAP_OFF DYNAMICLIGHTMAP_OFF HDR_LIGHT_PREPASS_OFF ok=1
Cmd: compileSnippet
  api=4 type=0 insize=6325 outsize=3565 kw=LIGHTMAP_OFF DIRLIGHTMAP_OFF DYNAMICLIGHTMAP_OFF HDR_LIGHT_PREPASS_OFF ok=1
Cmd: compileSnippet
  api=4 type=1 insize=6325 outsize=2087 kw=LIGHTMAP_OFF DIRLIGHTMAP_OFF DYNAMICLIGHTMAP_OFF HDR_LIGHT_PREPASS_OFF ok=1
Cmd: compileSnippet
  api=4 type=0 insize=3524 outsize=3200 kw= ok=1
Cmd: compileSnippet
  api=4 type=1 insize=3524 outsize=1827 kw= ok=1
Cmd: preprocess
  insize=1183 outsize=296 ok=1
Cmd: compileSnippet
  api=4 type=0 insize=1189 outsize=1380 kw= ok=1
Cmd: compileSnippet
  api=4 type=1 insize=1189 outsize=1372 kw= ok=1
Cmd: preprocess
  insize=1235 outsize=409 ok=1
Cmd: compileSnippet
  api=4 type=0 insize=1131 outsize=990 kw= ok=1
Cmd: compileSnippet
  api=4 type=1 insize=1131 outsize=1957 kw= ok=1
Cmd: preprocess
  error: 2 plat 15 at (40): Can't find include file frag_ao.cginc
  error: 2 plat 15 at (43): Can't find include file frag_ao.cginc
  error: 2 plat 15 at (46): Can't find include file frag_ao.cginc
  error: 2 plat 15 at (49): Can't find include file frag_ao.cginc
  error: 2 plat 15 at (53): Can't find include file frag_ao.cginc
  insize=6551 outsize=798 ok=0
Cmd: preprocess
  insize=1173 outsize=314 ok=1
Cmd: compileSnippet
  api=4 type=0 insize=1164 outsize=1737 kw= ok=1
Cmd: compileSnippet
  api=4 type=1 insize=1164 outsize=1396 kw= ok=1
Cmd: preprocess
  insize=12992 outsize=2706 ok=1
Cmd: compileSnippet
  api=4 type=0 insize=10195 outsize=5377 kw=WATER_REFLECTIVE WATER_VERTEX_DISPLACEMENT_ON WATER_EDGEBLEND_ON ok=1
Cmd: compileSnippet
  api=4 type=1 insize=10195 outsize=5897 kw=WATER_REFLECTIVE WATER_VERTEX_DISPLACEMENT_ON WATER_EDGEBLEND_ON ok=1
Cmd: compileSnippet
  api=4 type=0 insize=10198 outsize=4987 kw=WATER_REFLECTIVE WATER_VERTEX_DISPLACEMENT_ON WATER_EDGEBLEND_ON ok=1
Cmd: compileSnippet
  api=4 type=1 insize=10198 outsize=4483 kw=WATER_REFLECTIVE WATER_VERTEX_DISPLACEMENT_ON WATER_EDGEBLEND_ON ok=1
Cmd: compileSnippet
  api=4 type=0 insize=9940 outsize=1973 kw= ok=1
Cmd: compileSnippet
  api=4 type=1 insize=9940 outsize=3070 kw= ok=1
Cmd: preprocess
  insize=1044 outsize=1034 ok=1
Cmd: compileSnippet
  api=4 type=0 insize=6925 outsize=3265 kw=DIRECTIONAL SHADOWS_OFF LIGHTMAP_OFF DIRLIGHTMAP_OFF DYNAMICLIGHTMAP_OFF ok=1
Cmd: compileSnippet
  api=4 type=1 insize=6925 outsize=1453 kw=DIRECTIONAL SHADOWS_OFF LIGHTMAP_OFF DIRLIGHTMAP_OFF DYNAMICLIGHTMAP_OFF ok=1
Cmd: compileSnippet
  api=4 type=0 insize=3896 outsize=2737 kw=POINT ok=1
Cmd: compileSnippet
  api=4 type=1 insize=3896 outsize=2135 kw=POINT ok=1
Cmd: compileSnippet
  api=4 type=0 insize=3314 outsize=2087 kw= ok=1
Cmd: compileSnippet
  api=4 type=1 insize=3314 outsize=1250 kw= ok=1
Cmd: preprocess
  insize=2636 outsize=773 ok=1
Cmd: compileSnippet
  api=4 type=0 insize=1965 outsize=1339 kw= ok=1
Cmd: compileSnippet
  api=4 type=1 insize=1965 outsize=1201 kw= ok=1
Cmd: compileSnippet
  api=4 type=0 insize=1962 outsize=1339 kw= ok=1
Cmd: compileSnippet
  api=4 type=1 insize=1962 outsize=933 kw= ok=1
Cmd: compileSnippet
  api=4 type=0 insize=1975 outsize=1640 kw= ok=1
Cmd: compileSnippet
  api=4 type=1 insize=1975 outsize=1307 kw= ok=1
Cmd: compileSnippet
  api=4 type=0 insize=1974 outsize=1339 kw= ok=1
Cmd: compileSnippet
  api=4 type=1 insize=1974 outsize=852 kw= ok=1
Cmd: preprocess
  insize=968 outsize=305 ok=1
Cmd: compileSnippet
  api=4 type=0 insize=968 outsize=990 kw= ok=1
Cmd: compileSnippet
  api=4 type=1 insize=968 outsize=990 kw= ok=1
Cmd: preprocess
  insize=1377 outsize=384 ok=1
Cmd: compileSnippet
  api=4 type=0 insize=1295 outsize=1453 kw= ok=1
Cmd: compileSnippet
  api=4 type=1 insize=1295 outsize=1437 kw= ok=1
Cmd: preprocess
  insize=1420 outsize=347 ok=1
Cmd: compileSnippet
  api=4 type=0 insize=1379 outsize=1786 kw= ok=1
Cmd: compileSnippet
  api=4 type=1 insize=1379 outsize=1331 kw= ok=1
Cmd: preprocess
  insize=1709 outsize=728 ok=1
Cmd: compileSnippet
  api=4 type=0 insize=1287 outsize=1827 kw= ok=1
Cmd: compileSnippet
  api=4 type=1 insize=1287 outsize=1355 kw= ok=1
Cmd: preprocess
  insize=2379 outsize=1092 ok=1
Cmd: compileSnippet
  api=4 type=0 insize=1589 outsize=1274 kw=SOFTPARTICLES_OFF ok=1
Cmd: compileSnippet
  api=4 type=1 insize=1589 outsize=908 kw=SOFTPARTICLES_OFF ok=1
Cmd: preprocess
  insize=1403 outsize=346 ok=1
Cmd: compileSnippet
  api=4 type=0 insize=1359 outsize=1347 kw= ok=1
Cmd: compileSnippet
  api=4 type=1 insize=1359 outsize=1502 kw= ok=1
Cmd: preprocess
  insize=1268 outsize=329 ok=1
Cmd: compileSnippet
  api=4 type=0 insize=1244 outsize=1298 kw= ok=1
Cmd: compileSnippet
  api=4 type=1 insize=1244 outsize=1428 kw= ok=1
Cmd: preprocess
  insize=2306 outsize=643 ok=1
Cmd: compileSnippet
  api=4 type=0 insize=1968 outsize=1428 kw= ok=1
Cmd: compileSnippet
  api=4 type=1 insize=1968 outsize=3208 kw= ok=1
Cmd: preprocess
  insize=965 outsize=271 ok=1
Cmd: compileSnippet
  api=4 type=0 insize=994 outsize=1055 kw= ok=1
Cmd: compileSnippet
  api=4 type=1 insize=994 outsize=1217 kw= ok=1
Cmd: preprocess
  insize=790 outsize=320 ok=1
Cmd: compileSnippet
  api=4 type=0 insize=772 outsize=990 kw= ok=1
Cmd: compileSnippet
  api=4 type=1 insize=772 outsize=1103 kw= ok=1
Cmd: preprocess
  insize=2237 outsize=975 ok=1
Cmd: compileSnippet
  api=4 type=0 insize=1561 outsize=1274 kw=SOFTPARTICLES_OFF ok=1
Cmd: compileSnippet
  api=4 type=1 insize=1561 outsize=852 kw=SOFTPARTICLES_OFF ok=1
Cmd: preprocess
  insize=32636 outsize=273 ok=1
Cmd: compileSnippet
  api=4 type=0 insize=32665 outsize=990 kw= ok=1
Cmd: compileSnippet
  api=4 type=1 insize=32665 outsize=10748 kw= ok=1
Cmd: preprocess
  insize=1216 outsize=260 ok=1
Cmd: compileSnippet
  api=4 type=0 insize=1258 outsize=1258 kw= ok=1
Cmd: compileSnippet
  api=4 type=1 insize=1258 outsize=1437 kw= ok=1
Cmd: preprocess
  insize=3601 outsize=704 ok=1
Cmd: compileSnippet
  api=4 type=0 insize=2929 outsize=1843 kw= ok=1
Cmd: compileSnippet
  api=4 type=1 insize=2929 outsize=2298 kw= ok=1
Cmd: compileSnippet
  api=4 type=0 insize=2920 outsize=1843 kw= ok=1
Cmd: compileSnippet
  api=4 type=1 insize=2920 outsize=1705 kw= ok=1
Cmd: compileSnippet
  api=4 type=0 insize=2919 outsize=1843 kw= ok=1
Cmd: compileSnippet
  api=4 type=1 insize=2919 outsize=1753 kw= ok=1
Cmd: compileSnippet
  api=4 type=0 insize=2931 outsize=1843 kw= ok=1
Cmd: compileSnippet
  api=4 type=1 insize=2931 outsize=2233 kw= ok=1
Cmd: preprocess
  insize=1000 outsize=249 ok=1
Cmd: compileSnippet
  api=4 type=0 insize=1053 outsize=1534 kw= ok=1
Cmd: compileSnippet
  api=4 type=1 insize=1053 outsize=1144 kw= ok=1
Cmd: preprocess
  insize=5357 outsize=1799 ok=1
Cmd: compileSnippet
  api=4 type=0 insize=3204 outsize=1339 kw= ok=1
Cmd: compileSnippet
  api=4 type=1 insize=3204 outsize=1160 kw= ok=1
Cmd: compileSnippet
  api=4 type=0 insize=3201 outsize=1339 kw= ok=1
Cmd: compileSnippet
  api=4 type=1 insize=3201 outsize=933 kw= ok=1
Cmd: compileSnippet
  api=4 type=0 insize=3217 outsize=1753 kw= ok=1
Cmd: compileSnippet
  api=4 type=1 insize=3217 outsize=1428 kw= ok=1
Cmd: compileSnippet
  api=4 type=0 insize=3209 outsize=1339 kw= ok=1
Cmd: compileSnippet
  api=4 type=1 insize=3209 outsize=852 kw= ok=1
Cmd: compileSnippet
  api=4 type=0 insize=3209 outsize=1339 kw= ok=1
Cmd: compileSnippet
  api=4 type=1 insize=3209 outsize=1160 kw= ok=1
Cmd: compileSnippet
  api=4 type=0 insize=3206 outsize=1339 kw= ok=1
Cmd: compileSnippet
  api=4 type=1 insize=3206 outsize=933 kw= ok=1
Cmd: compileSnippet
  api=4 type=0 insize=3218 outsize=1753 kw= ok=1
Cmd: compileSnippet
  api=4 type=1 insize=3218 outsize=1355 kw= ok=1
Cmd: compileSnippet
  api=4 type=0 insize=3211 outsize=1339 kw= ok=1
Cmd: compileSnippet
  api=4 type=1 insize=3211 outsize=770 kw= ok=1
Cmd: compileSnippet
  api=4 type=0 insize=3203 outsize=1339 kw= ok=1
Cmd: compileSnippet
  api=4 type=1 insize=3203 outsize=559 kw= ok=1
Cmd: compileSnippet
  api=4 type=0 insize=3207 outsize=1339 kw= ok=1
Cmd: compileSnippet
  api=4 type=1 insize=3207 outsize=762 kw= ok=1
Cmd: compileSnippet
  api=4 type=0 insize=3202 outsize=1339 kw= ok=1
Cmd: compileSnippet
  api=4 type=1 insize=3202 outsize=648 kw= ok=1
Cmd: preprocess
  insize=551 outsize=183 ok=1
Cmd: compileSnippet
  api=4 type=0 insize=665 outsize=1136 kw= ok=1
Cmd: compileSnippet
  api=4 type=1 insize=665 outsize=713 kw= ok=1
Cmd: preprocess
  insize=678 outsize=208 ok=1
Cmd: compileSnippet
  api=4 type=0 insize=769 outsize=1550 kw= ok=1
Cmd: compileSnippet
  api=4 type=1 insize=769 outsize=510 kw= ok=1
Cmd: preprocess
  insize=11420 outsize=1917 ok=1
Cmd: compileSnippet
  api=4 type=0 insize=8895 outsize=990 kw= ok=1
Cmd: compileSnippet
  api=4 type=1 insize=8895 outsize=2152 kw= ok=1
Cmd: compileSnippet
  api=4 type=0 insize=8886 outsize=990 kw= ok=1
Cmd: compileSnippet
  api=4 type=1 insize=8886 outsize=843 kw= ok=1
Cmd: compileSnippet
  api=4 type=0 insize=8894 outsize=990 kw= ok=1
Cmd: compileSnippet
  api=4 type=1 insize=8894 outsize=2460 kw= ok=1
Cmd: compileSnippet
  api=4 type=0 insize=8899 outsize=990 kw= ok=1
Cmd: compileSnippet
  api=4 type=1 insize=8899 outsize=3671 kw= ok=1
Cmd: compileSnippet
  api=4 type=0 insize=8909 outsize=990 kw= ok=1
Cmd: compileSnippet
  api=4 type=1 insize=8909 outsize=5970 kw= ok=1
Cmd: compileSnippet
  api=4 type=0 insize=8897 outsize=990 kw= ok=1
Cmd: compileSnippet
  api=4 type=1 insize=8897 outsize=1615 kw= ok=1
Cmd: compileSnippet
  api=4 type=0 insize=8903 outsize=990 kw= ok=1
Cmd: compileSnippet
  api=4 type=1 insize=8903 outsize=3013 kw= ok=1
Cmd: preprocess
  insize=2926 outsize=567 ok=1
Cmd: compileSnippet
  api=4 type=0 insize=2532 outsize=665 kw= ok=1
Cmd: compileSnippet
  api=4 type=1 insize=2532 outsize=4524 kw= ok=1
Cmd: compileSnippet
  api=4 type=0 insize=433 outsize=665 kw= ok=1
Cmd: compileSnippet
  api=4 type=1 insize=433 outsize=510 kw= ok=1
Cmd: preprocess
  insize=1038 outsize=358 ok=1
Cmd: compileSnippet
  api=4 type=0 insize=985 outsize=990 kw= ok=1
Cmd: compileSnippet
  api=4 type=1 insize=985 outsize=1038 kw= ok=1
Cmd: preprocess
  insize=11446 outsize=2624 ok=1
Cmd: compileSnippet
  api=4 type=0 insize=8607 outsize=1298 kw= ok=1
Cmd: compileSnippet
  api=4 type=1 insize=8607 outsize=4459 kw= ok=1
Cmd: compileSnippet
  api=4 type=0 insize=8611 outsize=1298 kw= ok=1
Cmd: compileSnippet
  api=4 type=1 insize=8611 outsize=2542 kw= ok=1
Cmd: compileSnippet
  api=4 type=0 insize=8610 outsize=1298 kw= ok=1
Cmd: compileSnippet
  api=4 type=1 insize=8610 outsize=876 kw= ok=1
Cmd: compileSnippet
  api=4 type=0 insize=8614 outsize=1298 kw= ok=1
Cmd: compileSnippet
  api=4 type=1 insize=8614 outsize=1729 kw= ok=1
Cmd: compileSnippet
  api=4 type=0 insize=8613 outsize=1298 kw= ok=1
Cmd: compileSnippet
  api=4 type=1 insize=8613 outsize=1331 kw= ok=1
Cmd: preprocess
  insize=12156 outsize=2583 ok=1
Cmd: compileSnippet
  api=4 type=0 insize=9481 outsize=5028 kw=WATER_REFLECTIVE WATER_VERTEX_DISPLACEMENT_ON WATER_EDGEBLEND_ON ok=1
Cmd: compileSnippet
  api=4 type=1 insize=9481 outsize=5003 kw=WATER_REFLECTIVE WATER_VERTEX_DISPLACEMENT_ON WATER_EDGEBLEND_ON ok=1
Cmd: compileSnippet
  api=4 type=0 insize=9484 outsize=4735 kw=WATER_REFLECTIVE WATER_VERTEX_DISPLACEMENT_ON WATER_EDGEBLEND_ON ok=1
Cmd: compileSnippet
  api=4 type=1 insize=9484 outsize=4215 kw=WATER_REFLECTIVE WATER_VERTEX_DISPLACEMENT_ON WATER_EDGEBLEND_ON ok=1
Cmd: compileSnippet
  api=4 type=0 insize=9226 outsize=1932 kw= ok=1
Cmd: compileSnippet
  api=4 type=1 insize=9226 outsize=3070 kw= ok=1
Cmd: preprocess
  insize=6289 outsize=752 ok=1
Cmd: compileSnippet
  api=4 type=0 insize=5327 outsize=1859 kw= ok=1
Cmd: compileSnippet
  api=4 type=1 insize=5327 outsize=4378 kw= ok=1
Cmd: compileSnippet
  api=4 type=0 insize=5335 outsize=1859 kw= ok=1
Cmd: compileSnippet
  api=4 type=1 insize=5335 outsize=3492 kw= ok=1
Cmd: compileSnippet
  api=4 type=0 insize=5329 outsize=1859 kw= ok=1
Cmd: compileSnippet
  api=4 type=1 insize=5329 outsize=3508 kw= ok=1
Cmd: compileSnippet
  api=4 type=0 insize=5340 outsize=1859 kw= ok=1
Cmd: compileSnippet
  api=4 type=1 insize=5340 outsize=2688 kw= ok=1
Cmd: compileSnippet
  api=4 type=0 insize=5335 outsize=1859 kw= ok=1
Cmd: compileSnippet
  api=4 type=1 insize=5335 outsize=1908 kw= ok=1
Cmd: preprocess
  insize=4254 outsize=230 ok=1
Cmd: compileSnippet
  api=4 type=0 insize=4328 outsize=665 kw=DIRECTIONAL_SHAFTS COLORED_ON ATTENUATION_CURVE_ON COOKIE_TEX_ON ok=1
Cmd: compileSnippet
  api=4 type=1 insize=4328 outsize=5629 kw=DIRECTIONAL_SHAFTS COLORED_ON ATTENUATION_CURVE_ON COOKIE_TEX_ON ok=1
Cmd: preprocess
  insize=2832 outsize=782 ok=1
Cmd: compileSnippet
  api=4 type=0 insize=2099 outsize=1339 kw= ok=1
Cmd: compileSnippet
  api=4 type=1 insize=2099 outsize=933 kw= ok=1
Cmd: compileSnippet
  api=4 type=0 insize=2099 outsize=1339 kw= ok=1
Cmd: compileSnippet
  api=4 type=1 insize=2099 outsize=1160 kw= ok=1
Cmd: compileSnippet
  api=4 type=0 insize=2103 outsize=1339 kw= ok=1
Cmd: compileSnippet
  api=4 type=1 insize=2103 outsize=973 kw= ok=1
Cmd: compileSnippet
  api=4 type=0 insize=2102 outsize=1339 kw= ok=1
Cmd: compileSnippet
  api=4 type=1 insize=2102 outsize=1973 kw= ok=1
Cmd: compileSnippet
  api=4 type=0 insize=2105 outsize=1339 kw= ok=1
Cmd: compileSnippet
  api=4 type=1 insize=2105 outsize=957 kw= ok=1
Cmd: preprocess
  insize=8191 outsize=1105 ok=1
Cmd: compileSnippet
  api=4 type=0 insize=6258 outsize=1298 kw= ok=1
Cmd: compileSnippet
  api=4 type=1 insize=6258 outsize=1632 kw= ok=1
Cmd: compileSnippet
  api=4 type=0 insize=6261 outsize=1298 kw= ok=1
Cmd: compileSnippet
  api=4 type=1 insize=6261 outsize=1168 kw= ok=1
Cmd: compileSnippet
  api=4 type=0 insize=6270 outsize=1558 kw= ok=1
Cmd: compileSnippet
  api=4 type=1 insize=6270 outsize=2566 kw= ok=1
Cmd: compileSnippet
  api=4 type=0 insize=6264 outsize=1558 kw= ok=1
Cmd: compileSnippet
  api=4 type=1 insize=6264 outsize=2127 kw= ok=1
Cmd: compileSnippet
  api=4 type=0 insize=6261 outsize=1298 kw= ok=1
Cmd: compileSnippet
  api=4 type=1 insize=6261 outsize=1290 kw= ok=1
Cmd: compileSnippet
  api=4 type=0 insize=6265 outsize=1298 kw= ok=1
Cmd: compileSnippet
  api=4 type=1 insize=6265 outsize=1802 kw= ok=1
Cmd: compileSnippet
  api=4 type=0 insize=6269 outsize=1558 kw= ok=1
Cmd: compileSnippet
  api=4 type=1 insize=6269 outsize=2517 kw= ok=1
Cmd: compileSnippet
  api=4 type=0 insize=6255 outsize=1298 kw= ok=1
Cmd: compileSnippet
  api=4 type=1 insize=6255 outsize=852 kw= ok=1
Cmd: preprocess
  insize=2422 outsize=1168 ok=1
Cmd: compileSnippet
  api=4 type=0 insize=1556 outsize=1567 kw= ok=1
Cmd: compileSnippet
  api=4 type=1 insize=1556 outsize=1493 kw= ok=1
Cmd: preprocess
  insize=977 outsize=438 ok=1
Cmd: compileSnippet
  api=4 type=0 insize=841 outsize=990 kw= ok=1
Cmd: compileSnippet
  api=4 type=1 insize=841 outsize=778 kw= ok=1
Cmd: preprocess
  insize=13814 outsize=2625 ok=1
Cmd: compileSnippet
  api=4 type=0 insize=10228 outsize=990 kw= ok=1
Cmd: compileSnippet
  api=4 type=1 insize=10228 outsize=1177 kw= ok=1
Cmd: compileSnippet
  api=4 type=0 insize=10227 outsize=990 kw= ok=1
Cmd: compileSnippet
  api=4 type=1 insize=10227 outsize=1615 kw= ok=1
Cmd: compileSnippet
  api=4 type=0 insize=10227 outsize=990 kw= ok=1
Cmd: compileSnippet
  api=4 type=1 insize=10227 outsize=1688 kw= ok=1
Cmd: compileSnippet
  api=4 type=0 insize=10209 outsize=990 kw= ok=1
Cmd: compileSnippet
  api=4 type=1 insize=10209 outsize=1209 kw= ok=1
Cmd: compileSnippet
  api=4 type=0 insize=10228 outsize=990 kw= ok=1
Cmd: compileSnippet
  api=4 type=1 insize=10228 outsize=1339 kw= ok=1
Cmd: compileSnippet
  api=4 type=0 insize=10209 outsize=990 kw= ok=1
Cmd: compileSnippet
  api=4 type=1 insize=10209 outsize=1607 kw= ok=1
Cmd: compileSnippet
  api=4 type=0 insize=10254 outsize=1347 kw= ok=1
Cmd: compileSnippet
  api=4 type=1 insize=10254 outsize=1851 kw= ok=1
Cmd: compileSnippet
  api=4 type=0 insize=10208 outsize=990 kw= ok=1
Cmd: compileSnippet
  api=4 type=1 insize=10208 outsize=510 kw= ok=1
Cmd: compileSnippet
  api=4 type=0 insize=10212 outsize=990 kw= ok=1
Cmd: compileSnippet
  api=4 type=1 insize=10212 outsize=600 kw= ok=1
Cmd: compileSnippet
  api=4 type=0 insize=10234 outsize=2160 kw= ok=1
Cmd: compileSnippet
  api=4 type=1 insize=10234 outsize=3265 kw= ok=1
Cmd: compileSnippet
  api=4 type=0 insize=10228 outsize=2160 kw= ok=1
Cmd: compileSnippet
  api=4 type=1 insize=10228 outsize=3427 kw= ok=1
Cmd: compileSnippet
  api=4 type=0 insize=10234 outsize=2160 kw= ok=1
Cmd: compileSnippet
  api=4 type=1 insize=10234 outsize=3265 kw= ok=1
Cmd: preprocess
  insize=1950 outsize=490 ok=1
Cmd: compileSnippet
  api=4 type=0 insize=1736 outsize=990 kw= ok=1
Cmd: compileSnippet
  api=4 type=1 insize=1736 outsize=1599 kw= ok=1
Cmd: compileSnippet
  api=4 type=0 insize=1749 outsize=990 kw= ok=1
Cmd: compileSnippet
  api=4 type=1 insize=1749 outsize=1900 kw= ok=1
Cmd: preprocess
  insize=1576 outsize=990 ok=1
Cmd: compileSnippet
  api=4 type=0 insize=867 outsize=1599 kw= ok=1
Cmd: compileSnippet
  api=4 type=1 insize=867 outsize=502 kw= ok=1
Cmd: preprocess
  insize=3055 outsize=1759 ok=1
Cmd: compileSnippet
  api=4 type=0 insize=1602 outsize=1875 kw= ok=1
Cmd: compileSnippet
  api=4 type=1 insize=1602 outsize=2070 kw= ok=1
Cmd: preprocess
  insize=1692 outsize=302 ok=1
Cmd: compileSnippet
  api=4 type=0 insize=1695 outsize=1737 kw= ok=1
Cmd: compileSnippet
  api=4 type=1 insize=1695 outsize=2355 kw= ok=1
Cmd: preprocess
  insize=683 outsize=683 ok=1
Cmd: preprocess
  insize=717 outsize=717 ok=1
Cmd: preprocess
  insize=27271 outsize=4693 ok=1
Cmd: compileSnippet
  api=4 type=0 insize=19248 outsize=1298 kw= ok=1
Cmd: compileSnippet
  api=4 type=1 insize=19248 outsize=1420 kw= ok=1
Cmd: compileSnippet
  api=4 type=0 insize=19254 outsize=2095 kw= ok=1
Cmd: compileSnippet
  api=4 type=1 insize=19254 outsize=3915 kw= ok=1
Cmd: compileSnippet
  api=4 type=0 insize=19257 outsize=2095 kw= ok=1
Cmd: compileSnippet
  api=4 type=1 insize=19257 outsize=7571 kw= ok=1
Cmd: compileSnippet
  api=4 type=0 insize=19236 outsize=1298 kw= ok=1
Cmd: compileSnippet
  api=4 type=1 insize=19236 outsize=648 kw= ok=1
Cmd: compileSnippet
  api=4 type=0 insize=19252 outsize=1298 kw= ok=1
Cmd: compileSnippet
  api=4 type=1 insize=19252 outsize=1412 kw= ok=1
Cmd: compileSnippet
  api=4 type=0 insize=19239 outsize=1298 kw= ok=1
Cmd: compileSnippet
  api=4 type=1 insize=19239 outsize=2558 kw= ok=1
Cmd: compileSnippet
  api=4 type=0 insize=19250 outsize=1298 kw= ok=1
Cmd: compileSnippet
  api=4 type=1 insize=19250 outsize=2095 kw= ok=1
Cmd: compileSnippet
  api=4 type=0 insize=19246 outsize=1298 kw= ok=1
Cmd: compileSnippet
  api=4 type=1 insize=19246 outsize=827 kw= ok=1
Cmd: compileSnippet
  api=4 type=0 insize=19256 outsize=1298 kw= ok=1
Cmd: compileSnippet
  api=4 type=1 insize=19256 outsize=1485 kw= ok=1
Cmd: compileSnippet
  api=4 type=0 insize=19249 outsize=1298 kw= ok=1
Cmd: compileSnippet
  api=4 type=1 insize=19249 outsize=1217 kw= ok=1
Cmd: compileSnippet
  api=4 type=0 insize=19256 outsize=1298 kw= ok=1
Cmd: compileSnippet
  api=4 type=1 insize=19256 outsize=1802 kw= ok=1
Cmd: compileSnippet
  api=4 type=0 insize=19244 outsize=1298 kw= ok=1
Cmd: compileSnippet
  api=4 type=1 insize=19244 outsize=3086 kw= ok=1
Cmd: compileSnippet
  api=4 type=0 insize=19253 outsize=1298 kw= ok=1
Cmd: compileSnippet
  api=4 type=1 insize=19253 outsize=3484 kw= ok=1
Cmd: compileSnippet
  api=4 type=0 insize=19240 outsize=1298 kw= ok=1
Cmd: compileSnippet
  api=4 type=1 insize=19240 outsize=1542 kw= ok=1
Cmd: compileSnippet
  api=4 type=0 insize=19255 outsize=1298 kw= ok=1
Cmd: compileSnippet
  api=4 type=1 insize=19255 outsize=1030 kw= ok=1
Cmd: compileSnippet
  api=4 type=0 insize=19245 outsize=1298 kw= ok=1
Cmd: compileSnippet
  api=4 type=1 insize=19245 outsize=1388 kw= ok=1
Cmd: compileSnippet
  api=4 type=0 insize=19238 outsize=1298 kw= ok=1
Cmd: compileSnippet
  api=4 type=1 insize=19238 outsize=843 kw= ok=1
Cmd: compileSnippet
  api=4 type=0 insize=19245 outsize=1298 kw= ok=1
Cmd: compileSnippet
  api=4 type=1 insize=19245 outsize=3842 kw= ok=1
Cmd: compileSnippet
  api=4 type=0 insize=19253 outsize=1298 kw= ok=1
Cmd: compileSnippet
  api=4 type=1 insize=19253 outsize=3744 kw= ok=1
Cmd: compileSnippet
  api=4 type=0 insize=19263 outsize=2095 kw= ok=1
Cmd: compileSnippet
  api=4 type=1 insize=19263 outsize=4654 kw= ok=1
Cmd: compileSnippet
  api=4 type=0 insize=19241 outsize=1298 kw= ok=1
Cmd: compileSnippet
  api=4 type=1 insize=19241 outsize=762 kw= ok=1
Cmd: compileSnippet
  api=4 type=0 insize=19243 outsize=1298 kw= ok=1
Cmd: compileSnippet
  api=4 type=1 insize=19243 outsize=2558 kw= ok=1
Cmd: compileSnippet
  api=4 type=0 insize=19261 outsize=1298 kw= ok=1
Cmd: compileSnippet
  api=4 type=1 insize=19261 outsize=648 kw= ok=1
Cmd: preprocess
  insize=4106 outsize=553 ok=1
Cmd: compileSnippet
  api=4 type=0 insize=3754 outsize=1737 kw= ok=1
Cmd: compileSnippet
  api=4 type=1 insize=3754 outsize=3289 kw= ok=1
Cmd: compileSnippet
  api=4 type=0 insize=3766 outsize=1737 kw= ok=1
Cmd: compileSnippet
  api=4 type=1 insize=3766 outsize=1778 kw= ok=1
Cmd: compileSnippet
  api=4 type=0 insize=3757 outsize=1737 kw= ok=1
Cmd: compileSnippet
  api=4 type=1 insize=3757 outsize=2379 kw= ok=1
Cmd: preprocess
  insize=2274 outsize=1208 ok=1
Cmd: compileSnippet
  api=4 type=0 insize=1310 outsize=1908 kw= ok=1
Cmd: compileSnippet
  api=4 type=1 insize=1310 outsize=1583 kw= ok=1
Cmd: preprocess
  insize=1737 outsize=297 ok=1
Cmd: compileSnippet
  api=4 type=0 insize=1742 outsize=1713 kw= ok=1
Cmd: compileSnippet
  api=4 type=1 insize=1742 outsize=4613 kw= ok=1
Cmd: preprocess
  insize=1228 outsize=198 ok=1
Cmd: compileSnippet
  api=4 type=0 insize=1330 outsize=665 kw= ok=1
Cmd: compileSnippet
  api=4 type=1 insize=1330 outsize=2395 kw= ok=1
Cmd: preprocess
  insize=1026 outsize=351 ok=1
Cmd: compileSnippet
  api=4 type=0 insize=977 outsize=990 kw= ok=1
Cmd: compileSnippet
  api=4 type=1 insize=977 outsize=1282 kw= ok=1
Cmd: preprocess
  insize=1123 outsize=458 ok=1
Cmd: compileSnippet
  api=4 type=0 insize=940 outsize=990 kw= ok=1
Cmd: compileSnippet
  api=4 type=1 insize=940 outsize=949 kw= ok=1
Cmd: compileSnippet
  api=4 type=0 insize=946 outsize=990 kw= ok=1
Cmd: compileSnippet
  api=4 type=1 insize=946 outsize=1006 kw= ok=1
Cmd: preprocess
  insize=738 outsize=267 ok=1
Cmd: compileSnippet
  api=4 type=0 insize=771 outsize=990 kw= ok=1
Cmd: compileSnippet
  api=4 type=1 insize=771 outsize=819 kw= ok=1
Cmd: preprocess
  insize=5837 outsize=873 ok=1
Cmd: compileSnippet
  api=4 type=0 insize=4927 outsize=1558 kw= ok=1
Cmd: compileSnippet
  api=4 type=1 insize=4927 outsize=2135 kw= ok=1
Cmd: compileSnippet
  api=4 type=0 insize=4929 outsize=1558 kw= ok=1
Cmd: compileSnippet
  api=4 type=1 insize=4929 outsize=1640 kw= ok=1
Cmd: compileSnippet
  api=4 type=0 insize=4933 outsize=1558 kw= ok=1
Cmd: compileSnippet
  api=4 type=1 insize=4933 outsize=1802 kw= ok=1
Cmd: compileSnippet
  api=4 type=0 insize=4942 outsize=990 kw= ok=1
Cmd: compileSnippet
  api=4 type=1 insize=4942 outsize=1038 kw= ok=1
Cmd: compileSnippet
  api=4 type=0 insize=4923 outsize=1558 kw= ok=1
Cmd: compileSnippet
  api=4 type=1 insize=4923 outsize=2135 kw= ok=1
Cmd: preprocess
  insize=5633 outsize=757 ok=1
Cmd: compileSnippet
  api=4 type=0 insize=4670 outsize=990 kw= ok=1
Cmd: compileSnippet
  api=4 type=1 insize=4670 outsize=1185 kw= ok=1
Cmd: compileSnippet
  api=4 type=0 insize=4674 outsize=2135 kw= ok=1
Cmd: compileSnippet
  api=4 type=1 insize=4674 outsize=1835 kw= ok=1
Cmd: compileSnippet
  api=4 type=0 insize=4684 outsize=2143 kw= ok=1
Cmd: compileSnippet
  api=4 type=1 insize=4684 outsize=2737 kw= ok=1
Cmd: compileSnippet
  api=4 type=0 insize=4679 outsize=2143 kw= ok=1
Cmd: compileSnippet
  api=4 type=1 insize=4679 outsize=2403 kw= ok=1
Cmd: compileSnippet
  api=4 type=0 insize=4685 outsize=1737 kw= ok=1
Cmd: compileSnippet
  api=4 type=1 insize=4685 outsize=2355 kw= ok=1
Cmd: preprocess
  insize=586 outsize=360 ok=1
Cmd: compileSnippet
  api=4 type=0 insize=528 outsize=990 kw= ok=1
Cmd: compileSnippet
  api=4 type=1 insize=528 outsize=1258 kw= ok=1
Cmd: preprocess
  insize=1013 outsize=1805 ok=1
Cmd: compileSnippet
  api=4 type=0 insize=7426 outsize=4077 kw=DIRECTIONAL SHADOWS_OFF LIGHTMAP_OFF DIRLIGHTMAP_OFF DYNAMICLIGHTMAP_OFF ok=1
Cmd: compileSnippet
  api=4 type=1 insize=7426 outsize=2680 kw=DIRECTIONAL SHADOWS_OFF LIGHTMAP_OFF DIRLIGHTMAP_OFF DYNAMICLIGHTMAP_OFF ok=1
Cmd: compileSnippet
  api=4 type=0 insize=3989 outsize=2737 kw=POINT ok=1
Cmd: compileSnippet
  api=4 type=1 insize=3989 outsize=2842 kw=POINT ok=1
Cmd: compileSnippet
  api=4 type=0 insize=3061 outsize=2517 kw= ok=1
Cmd: compileSnippet
  api=4 type=1 insize=3061 outsize=722 kw= ok=1
Cmd: compileSnippet
  api=4 type=0 insize=6435 outsize=4459 kw=LIGHTMAP_OFF DIRLIGHTMAP_OFF DYNAMICLIGHTMAP_OFF HDR_LIGHT_PREPASS_OFF ok=1
Cmd: compileSnippet
  api=4 type=1 insize=6435 outsize=1948 kw=LIGHTMAP_OFF DIRLIGHTMAP_OFF DYNAMICLIGHTMAP_OFF HDR_LIGHT_PREPASS_OFF ok=1
Cmd: compileSnippet
  api=4 type=0 insize=6490 outsize=4215 kw=LIGHTMAP_OFF DIRLIGHTMAP_OFF DYNAMICLIGHTMAP_OFF HDR_LIGHT_PREPASS_OFF ok=1
Cmd: compileSnippet
  api=4 type=1 insize=6490 outsize=2062 kw=LIGHTMAP_OFF DIRLIGHTMAP_OFF DYNAMICLIGHTMAP_OFF HDR_LIGHT_PREPASS_OFF ok=1
Cmd: compileSnippet
  api=4 type=0 insize=3430 outsize=3777 kw= ok=1
Cmd: compileSnippet
  api=4 type=1 insize=3430 outsize=2558 kw= ok=1
Cmd: preprocess
  insize=7257 outsize=922 ok=1
Cmd: compileSnippet
  api=4 type=0 insize=5673 outsize=1298 kw= ok=1
Cmd: compileSnippet
  api=4 type=1 insize=5673 outsize=795 kw= ok=1
Cmd: compileSnippet
  api=4 type=0 insize=5672 outsize=1298 kw= ok=1
Cmd: compileSnippet
  api=4 type=1 insize=5672 outsize=892 kw= ok=1
Cmd: compileSnippet
  api=4 type=0 insize=5666 outsize=1298 kw= ok=1
Cmd: compileSnippet
  api=4 type=1 insize=5666 outsize=2623 kw= ok=1
Cmd: compileSnippet
  api=4 type=0 insize=5665 outsize=1298 kw= ok=1
Cmd: compileSnippet
  api=4 type=1 insize=5665 outsize=2777 kw= ok=1
Cmd: compileSnippet
  api=4 type=0 insize=5668 outsize=1298 kw= ok=1
Cmd: compileSnippet
  api=4 type=1 insize=5668 outsize=2891 kw= ok=1
Cmd: compileSnippet
  api=4 type=0 insize=5667 outsize=1298 kw= ok=1
Cmd: compileSnippet
  api=4 type=1 insize=5667 outsize=2948 kw= ok=1
Cmd: compileSnippet
  api=4 type=0 insize=5669 outsize=1298 kw= ok=1
Cmd: compileSnippet
  api=4 type=1 insize=5669 outsize=998 kw= ok=1
Cmd: preprocess
  insize=32646 outsize=272 ok=1
Cmd: compileSnippet
  api=4 type=0 insize=32675 outsize=990 kw= ok=1
Cmd: compileSnippet
  api=4 type=1 insize=32675 outsize=10683 kw= ok=1
Cmd: preprocess
  insize=5149 outsize=1741 ok=1
Cmd: compileSnippet
  api=4 type=0 insize=3712 outsize=1753 kw= ok=1
Cmd: compileSnippet
  api=4 type=1 insize=3712 outsize=6945 kw= ok=1
Cmd: preprocess
  insize=719 outsize=719 ok=1
Cmd: preprocess
  insize=2274 outsize=1036 ok=1
Cmd: compileSnippet
  api=4 type=0 insize=1537 outsize=1274 kw=SOFTPARTICLES_OFF ok=1
Cmd: compileSnippet
  api=4 type=1 insize=1537 outsize=908 kw=SOFTPARTICLES_OFF ok=1
Cmd: preprocess
  insize=6801 outsize=255 ok=1
Cmd: compileSnippet
  api=4 type=0 insize=6848 outsize=1380 kw= ok=1
Cmd: compileSnippet
  api=4 type=1 insize=6848 outsize=4418 kw= ok=1
Cmd: preprocess
  insize=4528 outsize=555 ok=1
Cmd: compileSnippet
  api=4 type=0 insize=4182 outsize=2200 kw= ok=1
Cmd: compileSnippet
  api=4 type=1 insize=4182 outsize=7027 kw= ok=1
Cmd: compileSnippet
  api=4 type=0 insize=4186 outsize=2200 kw= ok=1
Cmd: compileSnippet
  api=4 type=1 insize=4186 outsize=6092 kw= ok=1
Cmd: preprocess
  insize=4925 outsize=1092 ok=1
Cmd: compileSnippet
  api=4 type=0 insize=3817 outsize=1298 kw= ok=1
Cmd: compileSnippet
  api=4 type=1 insize=3817 outsize=1201 kw= ok=1
Cmd: compileSnippet
  api=4 type=0 insize=3824 outsize=1233 kw= ok=1
Cmd: compileSnippet
  api=4 type=1 insize=3824 outsize=1185 kw= ok=1
Cmd: compileSnippet
  api=4 type=0 insize=3822 outsize=1298 kw= ok=1
Cmd: compileSnippet
  api=4 type=1 insize=3822 outsize=1672 kw= ok=1
Cmd: compileSnippet
  api=4 type=0 insize=3824 outsize=1298 kw= ok=1
Cmd: compileSnippet
  api=4 type=1 insize=3824 outsize=1973 kw= ok=1
Cmd: compileSnippet
  api=4 type=0 insize=3814 outsize=1298 kw= ok=1
Cmd: compileSnippet
  api=4 type=1 insize=3814 outsize=973 kw= ok=1
Cmd: preprocess
  insize=1500 outsize=667 ok=1
Cmd: compileSnippet
  api=4 type=0 insize=1135 outsize=1461 kw= ok=1
Cmd: compileSnippet
  api=4 type=1 insize=1135 outsize=1071 kw= ok=1
Cmd: preprocess
  insize=5752 outsize=1269 ok=1
Cmd: compileSnippet
  api=4 type=0 insize=4241 outsize=1428 kw= ok=1
Cmd: compileSnippet
  api=4 type=1 insize=4241 outsize=3192 kw= ok=1
Cmd: compileSnippet
  api=4 type=0 insize=3327 outsize=1185 kw= ok=1
Cmd: compileSnippet
  api=4 type=1 insize=3327 outsize=1656 kw= ok=1
Cmd: compileSnippet
  api=4 type=4 insize=3327 outsize=3590 kw= ok=1
Cmd: compileSnippet
  api=4 type=0 insize=3327 outsize=1185 kw= ok=1
Cmd: compileSnippet
  api=4 type=1 insize=3327 outsize=1656 kw= ok=1
Cmd: compileSnippet
  api=4 type=4 insize=3327 outsize=3590 kw= ok=1
Cmd: preprocess
  insize=778 outsize=304 ok=1
Cmd: compileSnippet
  api=4 type=0 insize=776 outsize=990 kw= ok=1
Cmd: compileSnippet
  api=4 type=1 insize=776 outsize=657 kw= ok=1
Cmd: preprocess
  insize=721 outsize=317 ok=1
Cmd: compileSnippet
  api=4 type=0 insize=706 outsize=990 kw= ok=1
Cmd: compileSnippet
  api=4 type=1 insize=706 outsize=1388 kw= ok=1
Cmd: preprocess
  insize=3918 outsize=651 ok=1
Cmd: compileSnippet
  api=4 type=0 insize=3312 outsize=990 kw= ok=1
Cmd: compileSnippet
  api=4 type=1 insize=3312 outsize=1258 kw= ok=1
Cmd: compileSnippet
  api=4 type=0 insize=3319 outsize=2135 kw= ok=1
Cmd: compileSnippet
  api=4 type=1 insize=3319 outsize=1835 kw= ok=1
Cmd: compileSnippet
  api=4 type=0 insize=3328 outsize=2119 kw= ok=1
Cmd: compileSnippet
  api=4 type=1 insize=3328 outsize=2192 kw= ok=1
Cmd: compileSnippet
  api=4 type=0 insize=3323 outsize=2119 kw= ok=1
Cmd: compileSnippet
  api=4 type=1 insize=3323 outsize=2403 kw= ok=1
Cmd: preprocess
  insize=873 outsize=301 ok=1
Cmd: compileSnippet
  api=4 type=0 insize=877 outsize=990 kw= ok=1
Cmd: compileSnippet
  api=4 type=1 insize=877 outsize=1087 kw= ok=1
Cmd: preprocess
  insize=1339 outsize=296 ok=1
Cmd: compileSnippet
  api=4 type=0 insize=1347 outsize=1558 kw= ok=1
Cmd: compileSnippet
  api=4 type=1 insize=1347 outsize=1940 kw= ok=1
Cmd: preprocess
  insize=2143 outsize=982 ok=1
Cmd: compileSnippet
  api=4 type=0 insize=905 outsize=1071 kw= ok=1
Cmd: compileSnippet
  api=4 type=1 insize=905 outsize=738 kw= ok=1
Cmd: compileSnippet
  api=4 type=0 insize=860 outsize=1071 kw= ok=1
Cmd: compileSnippet
  api=4 type=1 insize=860 outsize=600 kw= ok=1
Cmd: preprocess
  insize=880 outsize=1231 ok=1
Cmd: compileSnippet
  api=4 type=0 insize=7162 outsize=4077 kw=DIRECTIONAL LIGHTMAP_OFF DIRLIGHTMAP_OFF DYNAMICLIGHTMAP_OFF ok=1
Cmd: compileSnippet
  api=4 type=1 insize=7162 outsize=1640 kw=DIRECTIONAL LIGHTMAP_OFF DIRLIGHTMAP_OFF DYNAMICLIGHTMAP_OFF ok=1
Cmd: compileSnippet
  api=4 type=0 insize=3768 outsize=2737 kw=POINT ok=1
Cmd: compileSnippet
  api=4 type=1 insize=3768 outsize=1932 kw=POINT ok=1
Cmd: compileSnippet
  api=4 type=0 insize=3379 outsize=3777 kw= ok=1
Cmd: compileSnippet
  api=4 type=1 insize=3379 outsize=2501 kw= ok=1
Cmd: preprocess
  insize=5961 outsize=792 ok=1
Cmd: compileSnippet
  api=4 type=0 insize=5294 outsize=998 kw= ok=1
Cmd: compileSnippet
  api=4 type=1 insize=5294 outsize=1940 kw= ok=1
Cmd: compileSnippet
  api=4 type=0 insize=5299 outsize=998 kw= ok=1
Cmd: compileSnippet
  api=4 type=1 insize=5299 outsize=1680 kw= ok=1
Cmd: compileSnippet
  api=4 type=0 insize=5309 outsize=998 kw= ok=1
Cmd: compileSnippet
  api=4 type=1 insize=5309 outsize=6921 kw= ok=1
Cmd: preprocess
  insize=1080 outsize=489 ok=1
Cmd: compileSnippet
  api=4 type=0 insize=893 outsize=1128 kw= ok=1
Cmd: compileSnippet
  api=4 type=1 insize=893 outsize=1022 kw= ok=1
Cmd: preprocess
  insize=1213 outsize=389 ok=1
Cmd: compileSnippet
  api=4 type=0 insize=1129 outsize=1233 kw= ok=1
Cmd: compileSnippet
  api=4 type=1 insize=1129 outsize=1185 kw= ok=1
Cmd: preprocess
  insize=574 outsize=259 ok=1
Cmd: compileSnippet
  api=4 type=0 insize=617 outsize=827 kw= ok=1
Cmd: compileSnippet
  api=4 type=1 insize=617 outsize=437 kw= ok=1
Cmd: preprocess
  insize=724 outsize=315 ok=1
Cmd: compileSnippet
  api=4 type=0 insize=714 outsize=990 kw= ok=1
Cmd: compileSnippet
  api=4 type=1 insize=714 outsize=713 kw= ok=1
Cmd: preprocess
  insize=1727 outsize=682 ok=1
Cmd: compileSnippet
  api=4 type=0 insize=1346 outsize=1526 kw= ok=1
Cmd: compileSnippet
  api=4 type=1 insize=1346 outsize=1242 kw= ok=1
Cmd: compileSnippet
  api=4 type=0 insize=541 outsize=3517 kw=SHADOWS_DEPTH ok=1
Cmd: compileSnippet
  api=4 type=1 insize=541 outsize=437 kw=SHADOWS_DEPTH ok=1
Cmd: compileSnippet
  api=4 type=0 insize=7523 outsize=4703 kw=DIRECTIONAL SHADOWS_OFF LIGHTMAP_OFF DIRLIGHTMAP_OFF DYNAMICLIGHTMAP_OFF ok=1
Cmd: compileSnippet
  api=4 type=1 insize=7523 outsize=3460 kw=DIRECTIONAL SHADOWS_OFF LIGHTMAP_OFF DIRLIGHTMAP_OFF DYNAMICLIGHTMAP_OFF ok=1
Cmd: compileSnippet
  api=4 type=0 insize=4918 outsize=3939 kw=DIRECTIONAL ok=1
Cmd: compileSnippet
  api=4 type=1 insize=4918 outsize=2891 kw=DIRECTIONAL ok=1
Cmd: compileSnippet
  api=4 type=0 insize=3101 outsize=7352 kw=SHADOWS_DEPTH ok=1
Cmd: compileSnippet
  api=4 type=1 insize=3101 outsize=868 kw=SHADOWS_DEPTH ok=1
Cmd: compileSnippet
  api=4 type=0 insize=6869 outsize=8977 kw=DIRECTIONAL SHADOWS_OFF LIGHTMAP_OFF DIRLIGHTMAP_OFF DYNAMICLIGHTMAP_OFF ok=1
Cmd: compileSnippet
  api=4 type=1 insize=6869 outsize=4191 kw=DIRECTIONAL SHADOWS_OFF LIGHTMAP_OFF DIRLIGHTMAP_OFF DYNAMICLIGHTMAP_OFF ok=1
Cmd: compileSnippet
  api=4 type=0 insize=1642 outsize=1274 kw=SOFTPARTICLES_OFF ok=1
Cmd: compileSnippet
  api=4 type=1 insize=1642 outsize=908 kw=SOFTPARTICLES_OFF ok=1
Cmd: compileSnippet
  api=4 type=0 insize=6810 outsize=3647 kw=DIRECTIONAL SHADOWS_OFF LIGHTMAP_OFF DIRLIGHTMAP_OFF DYNAMICLIGHTMAP_OFF ok=1
Cmd: compileSnippet
  api=4 type=1 insize=6810 outsize=1298 kw=DIRECTIONAL SHADOWS_OFF LIGHTMAP_OFF DIRLIGHTMAP_OFF DYNAMICLIGHTMAP_OFF ok=1
Cmd: compileSnippet
  api=4 type=0 insize=3647 outsize=2737 kw=DIRECTIONAL ok=1
Cmd: compileSnippet
  api=4 type=1 insize=3647 outsize=1152 kw=DIRECTIONAL ok=1
Cmd: compileSnippet
  api=4 type=0 insize=7896 outsize=4857 kw=DIRECTIONAL SHADOWS_OFF LIGHTMAP_OFF DIRLIGHTMAP_OFF DYNAMICLIGHTMAP_OFF ok=1
Cmd: compileSnippet
  api=4 type=1 insize=7896 outsize=2899 kw=DIRECTIONAL SHADOWS_OFF LIGHTMAP_OFF DIRLIGHTMAP_OFF DYNAMICLIGHTMAP_OFF ok=1
Cmd: compileSnippet
  api=4 type=0 insize=7458 outsize=4077 kw=DIRECTIONAL SHADOWS_OFF LIGHTMAP_OFF DIRLIGHTMAP_OFF DYNAMICLIGHTMAP_OFF ok=1
Cmd: compileSnippet
  api=4 type=1 insize=7458 outsize=2623 kw=DIRECTIONAL SHADOWS_OFF LIGHTMAP_OFF DIRLIGHTMAP_OFF DYNAMICLIGHTMAP_OFF ok=1
Cmd: compileSnippet
  api=4 type=0 insize=7990 outsize=4703 kw=DIRECTIONAL SHADOWS_OFF LIGHTMAP_OFF DIRLIGHTMAP_OFF DYNAMICLIGHTMAP_OFF ok=1
Cmd: compileSnippet
  api=4 type=1 insize=7990 outsize=3996 kw=DIRECTIONAL SHADOWS_OFF LIGHTMAP_OFF DIRLIGHTMAP_OFF DYNAMICLIGHTMAP_OFF ok=1
Cmd: compileSnippet
  api=4 type=0 insize=577 outsize=3517 kw=SHADOWS_DEPTH ok=1
Cmd: compileSnippet
  api=4 type=1 insize=577 outsize=437 kw=SHADOWS_DEPTH ok=1
Cmd: compileSnippet
  api=4 type=0 insize=7137 outsize=5450 kw=DIRECTIONAL SHADOWS_OFF LIGHTMAP_OFF DIRLIGHTMAP_OFF DYNAMICLIGHTMAP_OFF ok=1
Cmd: compileSnippet
  api=4 type=1 insize=7137 outsize=2623 kw=DIRECTIONAL SHADOWS_OFF LIGHTMAP_OFF DIRLIGHTMAP_OFF DYNAMICLIGHTMAP_OFF ok=1
Cmd: compileSnippet
  api=4 type=0 insize=990 outsize=1071 kw= ok=1
Cmd: compileSnippet
  api=4 type=1 insize=990 outsize=697 kw= ok=1
Cmd: compileSnippet
  api=4 type=0 insize=5060 outsize=3939 kw=DIRECTIONAL ok=1
Cmd: compileSnippet
  api=4 type=1 insize=5060 outsize=1940 kw=DIRECTIONAL ok=1
Cmd: compileSnippet
  api=4 type=0 insize=4021 outsize=2737 kw=DIRECTIONAL ok=1
Cmd: compileSnippet
  api=4 type=1 insize=4021 outsize=2135 kw=DIRECTIONAL ok=1
Cmd: compileSnippet
  api=4 type=0 insize=5181 outsize=3939 kw=DIRECTIONAL ok=1
Cmd: compileSnippet
  api=4 type=1 insize=5181 outsize=2891 kw=DIRECTIONAL ok=1
Cmd: compileSnippet
  api=4 type=0 insize=3768 outsize=2737 kw=DIRECTIONAL ok=1
Cmd: compileSnippet
  api=4 type=1 insize=3768 outsize=1152 kw=DIRECTIONAL ok=1
Cmd: compileSnippet
  api=4 type=0 insize=1705 outsize=1274 kw=SOFTPARTICLES_OFF ok=1
Cmd: compileSnippet
  api=4 type=1 insize=1705 outsize=908 kw=SOFTPARTICLES_OFF ok=1
Cmd: compileSnippet
  api=4 type=0 insize=1329 outsize=1388 kw= ok=1
Cmd: compileSnippet
  api=4 type=1 insize=1329 outsize=1152 kw= ok=1
Cmd: compileSnippet
  api=4 type=0 insize=1325 outsize=1388 kw= ok=1
Cmd: compileSnippet
  api=4 type=1 insize=1325 outsize=1152 kw= ok=1
Cmd: compileSnippet
  api=4 type=0 insize=1325 outsize=1388 kw= ok=1
Cmd: compileSnippet
  api=4 type=1 insize=1325 outsize=1152 kw= ok=1
Cmd: compileSnippet
  api=4 type=0 insize=1329 outsize=1388 kw= ok=1
Cmd: compileSnippet
  api=4 type=1 insize=1329 outsize=1152 kw= ok=1
Cmd: compileSnippet
  api=4 type=0 insize=1317 outsize=1388 kw= ok=1
Cmd: compileSnippet
  api=4 type=1 insize=1317 outsize=1152 kw= ok=1
Cmd: compileSnippet
  api=4 type=0 insize=1327 outsize=1388 kw= ok=1
Cmd: compileSnippet
  api=4 type=1 insize=1327 outsize=1152 kw= ok=1
Cmd: compileSnippet
  api=4 type=0 insize=3071 outsize=6409 kw=SHADOWS_DEPTH ok=1
Cmd: compileSnippet
  api=4 type=1 insize=3071 outsize=510 kw=SHADOWS_DEPTH ok=1
Cmd: compileSnippet
  api=4 type=0 insize=7509 outsize=7538 kw=DIRECTIONAL SHADOWS_OFF LIGHTMAP_OFF DIRLIGHTMAP_OFF DYNAMICLIGHTMAP_OFF ok=1
Cmd: compileSnippet
  api=4 type=1 insize=7509 outsize=3403 kw=DIRECTIONAL SHADOWS_OFF LIGHTMAP_OFF DIRLIGHTMAP_OFF DYNAMICLIGHTMAP_OFF ok=1
Cmd: compileSnippet
  api=4 type=0 insize=1105 outsize=7352 kw=SHADOWS_DEPTH ok=1
Cmd: compileSnippet
  api=4 type=1 insize=1105 outsize=868 kw=SHADOWS_DEPTH ok=1
Cmd: compileSnippet
  api=4 type=0 insize=6872 outsize=8977 kw=DIRECTIONAL SHADOWS_OFF LIGHTMAP_OFF DIRLIGHTMAP_OFF DYNAMICLIGHTMAP_OFF ok=1
Cmd: compileSnippet
  api=4 type=1 insize=6872 outsize=4118 kw=DIRECTIONAL SHADOWS_OFF LIGHTMAP_OFF DIRLIGHTMAP_OFF DYNAMICLIGHTMAP_OFF ok=1
Cmd: compileSnippet
  api=4 type=0 insize=5077 outsize=6620 kw=DIRECTIONAL ok=1
Cmd: compileSnippet
  api=4 type=1 insize=5077 outsize=3208 kw=DIRECTIONAL ok=1
Cmd: compileSnippet
  api=4 type=0 insize=751 outsize=3517 kw=SHADOWS_DEPTH ok=1
Cmd: compileSnippet
  api=4 type=1 insize=751 outsize=364 kw=SHADOWS_DEPTH ok=1
Cmd: compileSnippet
  api=4 type=0 insize=982 outsize=3963 kw=DIRECTIONAL SHADOWS_OFF LIGHTMAP_OFF DIRLIGHTMAP_OFF DYNAMICLIGHTMAP_OFF ok=1
Cmd: compileSnippet
  api=4 type=1 insize=982 outsize=10488 kw=DIRECTIONAL SHADOWS_OFF LIGHTMAP_OFF DIRLIGHTMAP_OFF DYNAMICLIGHTMAP_OFF ok=1
Cmd: compileSnippet
  api=4 type=0 insize=938 outsize=4020 kw=DIRECTIONAL SHADOWS_OFF ok=1
Cmd: compileSnippet
  api=4 type=1 insize=938 outsize=5442 kw=DIRECTIONAL SHADOWS_OFF ok=1
Cmd: compileSnippet
  api=4 type=0 insize=3896 outsize=2737 kw=DIRECTIONAL ok=1
Cmd: compileSnippet
  api=4 type=1 insize=3896 outsize=1355 kw=DIRECTIONAL ok=1
Cmd: compileSnippet
  api=4 type=0 insize=1004 outsize=4613 kw=SHADOWS_DEPTH ok=1
Cmd: compileSnippet
  api=4 type=1 insize=1004 outsize=868 kw=SHADOWS_DEPTH ok=1
Cmd: compileSnippet
  api=4 type=0 insize=631 outsize=4248 kw= ok=1
Cmd: compileSnippet
  api=4 type=1 insize=631 outsize=973 kw= ok=1
Cmd: compileSnippet
  api=4 type=0 insize=1706 outsize=1274 kw=SOFTPARTICLES_OFF ok=1
Cmd: compileSnippet
  api=4 type=1 insize=1706 outsize=852 kw=SOFTPARTICLES_OFF ok=1
Cmd: compileSnippet
  api=4 type=0 insize=7025 outsize=3647 kw=DIRECTIONAL SHADOWS_OFF LIGHTMAP_OFF DIRLIGHTMAP_OFF DYNAMICLIGHTMAP_OFF ok=1
Cmd: compileSnippet
  api=4 type=1 insize=7025 outsize=2282 kw=DIRECTIONAL SHADOWS_OFF LIGHTMAP_OFF DIRLIGHTMAP_OFF DYNAMICLIGHTMAP_OFF ok=1
Cmd: compileSnippet
  api=4 type=0 insize=3820 outsize=2737 kw=DIRECTIONAL ok=1
Cmd: compileSnippet
  api=4 type=1 insize=3820 outsize=2135 kw=DIRECTIONAL ok=1
Cmd: compileSnippet
  api=4 type=0 insize=966 outsize=1274 kw= ok=1
Cmd: compileSnippet
  api=4 type=1 insize=966 outsize=795 kw= ok=1
Cmd: compileSnippet
  api=4 type=0 insize=7075 outsize=3736 kw=DIRECTIONAL SHADOWS_OFF LIGHTMAP_OFF DIRLIGHTMAP_OFF DYNAMICLIGHTMAP_OFF ok=1
Cmd: compileSnippet
  api=4 type=1 insize=7075 outsize=1502 kw=DIRECTIONAL SHADOWS_OFF LIGHTMAP_OFF DIRLIGHTMAP_OFF DYNAMICLIGHTMAP_OFF ok=1
Cmd: compileSnippet
  api=4 type=0 insize=3755 outsize=2737 kw=DIRECTIONAL ok=1
Cmd: compileSnippet
  api=4 type=1 insize=3755 outsize=1152 kw=DIRECTIONAL ok=1
Cmd: compileSnippet
  api=4 type=0 insize=794 outsize=4386 kw=SHADOWS_DEPTH ok=1
Cmd: compileSnippet
  api=4 type=1 insize=794 outsize=437 kw=SHADOWS_DEPTH ok=1
Cmd: compileSnippet
  api=4 type=0 insize=619 outsize=4215 kw= ok=1
Cmd: compileSnippet
  api=4 type=1 insize=619 outsize=787 kw= ok=1
Cmd: compileSnippet
  api=4 type=0 insize=6731 outsize=3647 kw=DIRECTIONAL LIGHTMAP_OFF DIRLIGHTMAP_OFF DYNAMICLIGHTMAP_OFF ok=1
Cmd: compileSnippet
  api=4 type=1 insize=6731 outsize=1298 kw=DIRECTIONAL LIGHTMAP_OFF DIRLIGHTMAP_OFF DYNAMICLIGHTMAP_OFF ok=1
Cmd: compileSnippet
  api=4 type=0 insize=3569 outsize=2737 kw=DIRECTIONAL ok=1
Cmd: compileSnippet
  api=4 type=1 insize=3569 outsize=1152 kw=DIRECTIONAL ok=1
Cmd: compileSnippet
  api=4 type=0 insize=2996 outsize=6409 kw=SHADOWS_DEPTH ok=1
Cmd: compileSnippet
  api=4 type=1 insize=2996 outsize=510 kw=SHADOWS_DEPTH ok=1
Cmd: compileSnippet
  api=4 type=0 insize=7434 outsize=7538 kw=DIRECTIONAL SHADOWS_OFF LIGHTMAP_OFF DIRLIGHTMAP_OFF DYNAMICLIGHTMAP_OFF ok=1
Cmd: compileSnippet
  api=4 type=1 insize=7434 outsize=3346 kw=DIRECTIONAL SHADOWS_OFF LIGHTMAP_OFF DIRLIGHTMAP_OFF DYNAMICLIGHTMAP_OFF ok=1
Cmd: compileSnippet
  api=4 type=0 insize=5002 outsize=6620 kw=DIRECTIONAL ok=1
Cmd: compileSnippet
  api=4 type=1 insize=5002 outsize=3151 kw=DIRECTIONAL ok=1
Cmd: preprocess
  insize=5230 outsize=2189 ok=1
Cmd: preprocess
  insize=12992 outsize=2706 ok=1
Cmd: preprocess
  insize=12156 outsize=2583 ok=1
Cmd: preprocess
  insize=3055 outsize=1759 ok=1
